23 34 0 907 5067 
20 97 2 1068 5067 
11 34 0 2043 5067 
7 34 0 2125 5067 
59 97 2 2370 5067 
65 97 2 2708 5067 
78 97 2 3447 5067 
83 74 2 3699 5067 
88 74 2 3955 5067 
90 74 2 4031 5067 
93 74 2 4174 5067 
94 74 2 4211 5067 
22 97 2 977 5067 
92 45 0 4212 5067 
78 95 3 3482 5067 
94 72 3 4232 5067 
20 74 2 1070 5067 
22 65 0 934 5067 
75 65 0 3389 5067 
98 101 2 4311 5067 
24 74 2 935 5067 
94 71 3 4233 5067 
83 101 2 3701 5067 
75 45 0 3391 5067 
105 93 2 4582 5067 
89 101 2 4007 5067 
79 93 2 3485 5067 
75 59 0 3393 5067 
111 24 0 4798 5067 
84 45 0 3852 5067 
39 84 2 191 5067 
14 57 0 2009 5067 
37 34 0 192 5067 
8 98 1 2126 5067 
106 24 0 4636 5067 
75 74 2 3272 5067 
37 65 0 194 5067 
65 101 2 2712 5067 
41 55 0 1125 5067 
39 74 2 195 5067 
105 51 2 4584 5067 
22 62 0 936 5067 
112 24 0 4804 5067 
89 45 0 4085 5067 
86 101 2 3853 5067 
37 59 0 196 5067 
21 34 0 954 5067 
39 65 0 92 5067 
41 74 2 93 5067 
84 59 0 3854 5067 
6 39 1 2185 5067 
6 40 1 2186 5067 
36 95 3 308 5067 
78 101 2 3451 5067 
114 82 2 4805 5067 
39 79 2 197 5067 
102 24 0 4569 5067 
44 55 0 1322 5067 
92 66 2 4156 5067 
8 58 1 2127 5067 
37 36 0 198 5067 
35 74 2 465 5067 
6 42 1 2188 5067 
118 82 2 4888 5067 
60 98 1 2464 5067 
119 82 2 4892 5067 
12 97 2 2061 5067 
106 19 0 4638 5067 
116 82 2 4880 5067 
28 57 1 684 5067 
39 59 0 94 5067 
81 101 2 3571 5067 
121 83 3 4966 5067 
12 69 0 2035 5067 
111 23 3 4761 5067 
8 59 1 2128 5067 
56 98 1 2248 5067 
14 69 0 2011 5067 
25 35 1 830 5067 
121 84 2 4964 5067 
11 98 1 2061 5067 
39 83 3 126 5067 
89 93 2 4011 5067 
105 89 2 4586 5067 
66 107 2 2756 5067 
90 44 3 4085 5067 
26 33 3 775 5067 
22 57 0 938 5067 
16 34 0 1946 5067 
46 97 2 1325 5067 
44 56 1 1259 5067 
48 54 3 1442 5067 
48 83 3 1443 5067 
42 85 1 1126 5067 
53 74 2 1680 5067 
114 85 3 4816 5067 
81 29 0 3704 5067 
17 67 1 1949 5067 
16 35 1 1969 5067 
92 59 0 4214 5067 
86 93 2 3857 5067 
114 16 0 4881 5067 
111 49 3 4763 5067 
85 45 0 3878 5067 
20 35 1 1025 5067 
83 93 2 3705 5067 
71 98 1 3022 5067 
41 95 3 1 5067 
102 23 3 4536 5067 
56 119 2 1854 5067 
55 117 3 1855 5067 
100 64 3 4471 5067 
19 97 2 1084 5067 
18 101 1 1087 5067 
18 102 1 1088 5067 
75 64 3 3309 5067 
114 83 3 4818 5067 
71 66 1 3023 5067 
102 19 0 4571 5067 
86 44 3 3878 5067 
89 59 0 4087 5067 
108 23 3 4648 5067 
56 117 2 1856 5067 
21 75 1 979 5067 
37 57 0 204 5067 
41 34 0 1127 5067 
27 57 0 685 5067 
67 74 2 2786 5067 
63 64 3 2634 5067 
41 91 2 97 5067 
106 21 0 4640 5067 
94 51 2 4219 5067 
121 82 3 4967 5067 
62 74 2 2559 5067 
23 62 0 911 5067 
62 101 2 2561 5067 
26 34 0 733 5067 
22 69 0 940 5067 
56 65 0 2335 5067 
39 41 0 98 5067 
44 65 0 1326 5067 
56 114 2 1859 5067 
118 84 2 4890 5067 
49 65 0 1606 5067 
119 84 2 4894 5067 
105 42 2 4588 5067 
36 83 3 311 5067 
112 33 0 4808 5067 
63 51 2 2605 5067 
116 84 2 4882 5067 
49 79 2 1448 5067 
15 69 0 1973 5067 
108 82 2 4641 5067 
40 97 2 128 5067 
115 84 2 4818 5067 
90 58 3 4087 5067 
19 102 2 1089 5067 
81 24 0 3706 5067 
81 44 3 3602 5067 
36 84 2 370 5067 
28 65 0 659 5067 
114 82 3 4819 5067 
12 10 0 2037 5067 
23 57 0 913 5067 
99 96 3 4419 5067 
39 62 0 100 5067 
102 21 0 4573 5067 
84 58 3 3803 5067 
53 79 2 1682 5067 
99 95 3 4420 5067 
35 85 1 370 5067 
41 56 1 3 5067 
76 28 3 3395 5067 
11 10 0 2049 5067 
71 74 2 2988 5067 
28 60 1 687 5067 
71 45 0 3134 5067 
28 61 1 688 5067 
16 69 0 1952 5067 
84 41 0 3862 5067 
102 18 3 4538 5067 
8 22 2 2178 5067 
42 98 1 1128 5067 
21 64 1 981 5067 
106 16 0 4642 5067 
6 86 0 2179 5067 
97 67 1 4313 5067 
85 59 0 3880 5067 
60 75 1 2466 5067 
71 75 1 3024 5067 
95 66 2 4239 5067 
94 64 3 4240 5067 
60 47 1 2468 5067 
64 80 0 2761 5067 
8 64 1 2133 5067 
12 102 2 2063 5067 
46 126 1 1356 5067 
31 84 2 628 5067 
29 34 0 629 5067 
67 18 3 2859 5067 
56 59 0 2337 5067 
86 58 3 3880 5067 
29 65 0 631 5067 
78 107 2 3459 5067 
75 44 3 3311 5067 
105 82 2 4590 5067 
115 82 2 4820 5067 
31 74 2 632 5067 
49 54 3 1526 5067 
78 89 3 3488 5067 
113 84 2 4801 5067 
44 59 0 1328 5067 
75 51 2 3282 5067 
27 62 0 690 5067 
62 79 2 2563 5067 
34 74 2 499 5067 
60 91 2 2432 5067 
53 91 2 1684 5067 
53 98 1 1712 5067 
73 75 1 3191 5067 
23 69 0 915 5067 
65 107 2 2718 5067 
75 58 3 3313 5067 
8 86 0 2123 5067 
8 65 1 2134 5067 
62 91 2 2565 5067 
11 103 1 2063 5067 
75 90 3 3314 5067 
88 66 2 3959 5067 
39 64 3 129 5067 
49 59 0 1608 5067 
29 62 0 633 5067 
96 93 2 4279 5067 
63 41 0 2719 5067 
42 103 0 1242 5067 
75 89 3 3315 5067 
111 45 3 4767 5067 
89 114 2 4015 5067 
121 80 3 4969 5067 
41 65 0 1129 5067 
36 97 2 372 5067 
22 18 0 942 5067 
111 44 3 4768 5067 
90 65 3 4088 5067 
63 44 3 2636 5067 
79 89 2 3489 5067 
11 22 2 2114 5067 
65 117 2 2720 5067 
16 19 1 1975 5067 
34 94 2 503 5067 
11 70 1 2064 5067 
35 98 1 372 5067 
56 75 1 2250 5067 
63 62 0 2721 5067 
81 51 2 3577 5067 
89 29 0 4089 5067 
54 74 2 1714 5067 
37 85 1 234 5067 
97 24 0 4400 5067 
41 35 1 5 5067 
84 65 3 3804 5067 
42 75 1 1130 5067 
100 93 2 4423 5067 
59 47 0 2469 5067 
88 93 2 3961 5067 
81 19 0 3708 5067 
46 41 0 1418 5067 
54 75 1 1777 5067 
76 89 2 3316 5067 
62 107 2 2569 5067 
105 41 3 4602 5067 
71 101 2 2990 5067 
29 57 0 635 5067 
111 41 3 4771 5067 
65 114 2 2722 5067 
69 91 2 2906 5067 
11 86 0 2051 5067 
44 75 1 1264 5067 
102 26 0 4575 5067 
119 78 3 4899 5067 
96 51 2 4281 5067 
18 112 1 1098 5067 
16 57 0 1958 5067 
18 102 2 1959 5067 
18 112 2 1960 5067 
106 33 0 4644 5067 
121 79 3 4970 5067 
101 63 2 4473 5067 
6 55 1 2201 5067 
20 45 2 1076 5067 
34 102 2 505 5067 
98 93 2 4315 5067 
32 69 0 506 5067 
90 28 3 4089 5067 
56 107 2 1866 5067 
54 79 2 1716 5067 
21 69 1 985 5067 
114 78 3 4823 5067 
105 84 2 4592 5067 
35 112 2 473 5067 
63 80 0 2723 5067 
97 19 0 4402 5067 
28 65 1 692 5067 
54 91 2 1718 5067 
27 65 0 693 5067 
28 67 1 694 5067 
114 77 3 4824 5067 
81 58 3 3604 5067 
51 41 0 1687 5067 
8 69 1 2138 5067 
41 59 0 1131 5067 
94 82 2 4225 5067 
28 57 0 663 5067 
119 77 3 4900 5067 
34 112 2 507 5067 
86 89 2 3865 5067 
90 51 2 4039 5067 
60 107 2 2436 5067 
29 69 0 637 5067 
33 74 2 541 5067 
36 74 2 374 5067 
114 75 3 4826 5067 
32 75 1 541 5067 
65 89 2 2724 5067 
54 107 2 1720 5067 
49 64 3 1528 5067 
31 98 1 585 5067 
58 91 2 2340 5067 
19 112 2 1099 5067 
33 113 1 507 5067 
35 75 1 374 5067 
121 78 3 4971 5067 
102 20 3 4540 5067 
89 24 0 4091 5067 
9 86 0 2115 5067 
16 18 0 1961 5067 
23 94 2 959 5067 
114 72 3 4829 5067 
96 89 2 4283 5067 
71 59 0 3136 5067 
60 117 2 2438 5067 
49 76 2 1451 5067 
97 51 2 4299 5067 
49 74 2 1453 5067 
58 107 2 2342 5067 
97 21 0 4404 5067 
114 71 3 4830 5067 
100 89 2 4427 5067 
95 63 2 4242 5067 
83 65 3 3733 5067 
46 103 0 1422 5067 
33 104 1 508 5067 
57 26 0 2379 5067 
108 85 3 4654 5067 
76 80 0 3464 5067 
63 58 3 2638 5067 
42 80 1 1132 5067 
71 91 2 2992 5067 
56 41 0 2343 5067 
46 107 2 1333 5067 
63 77 3 2640 5067 
81 80 0 3714 5067 
63 76 3 2641 5067 
106 38 0 4646 5067 
18 121 1 1107 5067 
55 101 3 1871 5067 
39 58 3 131 5067 
89 112 3 4042 5067 
71 102 1 3026 5067 
22 10 0 944 5067 
75 89 2 3290 5067 
33 105 1 509 5067 
53 117 2 1688 5067 
90 23 3 4091 5067 
58 117 2 2344 5067 
78 89 2 3465 5067 
44 41 0 1334 5067 
121 77 3 4972 5067 
83 89 2 3715 5067 
25 45 2 918 5067 
56 60 1 2251 5067 
75 83 3 3321 5067 
81 65 3 3605 5067 
60 114 2 2440 5067 
38 17 3 210 5067 
62 114 2 2573 5067 
56 62 0 2345 5067 
20 19 1 1033 5067 
33 106 1 510 5067 
69 107 2 2912 5067 
28 70 1 697 5067 
108 83 3 4656 5067 
119 74 3 4903 5067 
53 108 1 1720 5067 
114 67 3 4834 5067 
35 70 2 477 5067 
44 62 0 1336 5067 
81 21 0 3716 5067 
41 70 2 107 5067 
28 70 2 744 5067 
93 89 2 4184 5067 
71 66 2 2994 5067 
97 89 2 4301 5067 
20 69 0 986 5067 
26 17 3 787 5067 
60 80 0 2574 5067 
58 114 2 2346 5067 
38 74 2 238 5067 
89 110 3 4044 5067 
100 58 3 4477 5067 
109 33 0 4759 5067 
56 97 2 1876 5067 
55 95 3 1877 5067 
97 52 1 4317 5067 
27 69 0 697 5067 
37 75 1 238 5067 
11 75 1 2069 5067 
71 51 2 2996 5067 
76 82 2 3323 5067 
25 58 1 836 5067 
78 42 2 3467 5067 
92 33 0 4228 5067 
54 117 2 1722 5067 
83 42 2 3717 5067 
30 112 2 666 5067 
56 80 1 2252 5067 
72 90 3 3137 5067 
79 82 2 3496 5067 
53 114 2 1690 5067 
62 89 2 2575 5067 
86 82 2 3869 5067 
33 108 1 512 5067 
99 85 3 4430 5067 
36 79 2 376 5067 
24 22 2 945 5067 
64 76 2 2642 5067 
75 80 3 3324 5067 
87 52 1 3963 5067 
96 42 2 4285 5067 
97 26 0 4406 5067 
47 74 2 1362 5067 
31 70 2 640 5067 
80 107 2 3547 5067 
99 82 2 4407 5067 
81 28 3 3606 5067 
109 84 2 4656 5067 
69 117 2 2914 5067 
89 42 2 4019 5067 
35 80 1 376 5067 
102 33 0 4579 5067 
92 27 2 4168 5067 
109 62 3 4727 5067 
20 22 2 1078 5067 
63 69 3 2647 5067 
23 102 2 961 5067 
12 123 1 2052 5067 
31 62 0 545 5067 
51 80 0 1691 5067 
76 18 3 3399 5067 
81 26 0 3718 5067 
75 42 2 3292 5067 
114 64 3 4837 5067 
35 42 1 377 5067 
17 121 0 1108 5067 
71 60 1 3027 5067 
16 10 0 1963 5067 
71 107 2 2998 5067 
11 77 1 2071 5067 
49 62 0 1616 5067 
32 67 1 548 5067 
47 79 2 1364 5067 
102 25 3 4542 5067 
42 92 1 1134 5067 
119 72 3 4905 5067 
56 80 0 2347 5067 
21 69 0 962 5067 
49 70 2 1457 5067 
49 58 3 1530 5067 
108 82 3 4657 5067 
97 16 0 4408 5067 
26 44 3 788 5067 
89 19 0 4093 5067 
29 70 2 698 5067 
69 41 0 2999 5067 
35 43 1 378 5067 
100 53 3 4482 5067 
67 20 3 2867 5067 
81 89 2 3585 5067 
60 89 2 2442 5067 
53 89 2 1692 5067 
75 41 0 3401 5067 
8 75 1 2144 5067 
32 69 1 550 5067 
51 114 2 1617 5067 
103 38 0 4595 5067 
35 44 1 379 5067 
52 91 2 1643 5067 
64 70 2 2647 5067 
90 33 0 4169 5067 
47 91 2 1366 5067 
92 38 0 4230 5067 
32 70 1 551 5067 
23 112 2 963 5067 
111 34 3 4778 5067 
97 42 2 4303 5067 
35 45 1 380 5067 
109 61 3 4728 5067 
89 82 2 4021 5067 
44 12 0 1340 5067 
71 31 0 3138 5067 
41 60 1 9 5067 
104 63 2 4580 5067 
11 79 1 2073 5067 
81 16 0 3720 5067 
66 30 2 2768 5067 
101 51 2 4485 5067 
75 62 0 3403 5067 
83 80 0 3813 5067 
70 66 2 2946 5067 
86 80 0 3966 5067 
22 14 0 946 5067 
121 74 3 4975 5067 
69 114 2 2916 5067 
63 67 3 2649 5067 
53 118 1 1722 5067 
90 18 3 4093 5067 
100 49 3 4486 5067 
31 69 0 551 5067 
51 12 0 1693 5067 
8 77 1 2146 5067 
90 110 2 4045 5067 
73 92 1 3195 5067 
30 70 2 668 5067 
35 47 1 382 5067 
98 89 2 4319 5067 
11 80 1 2074 5067 
69 62 0 3001 5067 
46 38 0 1428 5067 
88 89 2 3967 5067 
38 79 2 240 5067 
44 67 2 1249 5067 
81 42 2 3587 5067 
109 82 2 4658 5067 
52 107 2 1645 5067 
56 92 1 2254 5067 
80 117 2 3549 5067 
37 80 1 240 5067 
84 51 2 3737 5067 
63 62 3 2653 5067 
18 86 0 1079 5067 
71 92 1 3028 5067 
92 63 2 4170 5067 
89 108 3 4046 5067 
11 81 1 2075 5067 
75 80 0 3405 5067 
34 108 2 513 5067 
109 60 3 4729 5067 
35 22 2 479 5067 
47 107 2 1368 5067 
19 122 2 1109 5067 
19 125 2 1112 5067 
62 82 2 2579 5067 
25 70 1 838 5067 
17 34 0 1113 5067 
65 82 2 2728 5067 
8 79 1 2148 5067 
97 4 0 4410 5067 
102 38 0 4581 5067 
19 74 2 1115 5067 
69 23 3 2947 5067 
49 35 3 1532 5067 
69 89 2 2918 5067 
27 19 1 745 5067 
81 10 0 3722 5067 
58 42 2 2350 5067 
5 17 1 5024 5067 
21 18 0 964 5067 
94 53 3 4251 5067 
44 7 0 1342 5067 
31 95 1 589 5067 
78 27 2 3473 5067 
8 80 1 2149 5067 
100 84 2 4432 5067 
94 51 3 4253 5067 
99 82 3 4433 5067 
105 36 3 4607 5067 
48 19 0 1534 5067 
51 7 0 1695 5067 
11 83 1 2077 5067 
90 38 0 4171 5067 
60 42 2 2444 5067 
33 70 2 552 5067 
95 51 2 4254 5067 
8 81 1 2150 5067 
33 111 1 515 5067 
21 77 1 992 5067 
89 106 3 4048 5067 
41 37 1 11 5067 
56 26 0 2351 5067 
30 57 0 590 5067 
81 23 3 3608 5067 
97 82 2 4305 5067 
109 59 3 4730 5067 
75 77 3 3327 5067 
81 82 2 3589 5067 
111 31 3 4781 5067 
85 19 0 3886 5067 
121 72 3 4977 5067 
54 114 2 1724 5067 
35 51 1 386 5067 
47 117 2 1370 5067 
105 35 3 4608 5067 
44 42 1 1271 5067 
59 59 0 2481 5067 
93 82 2 4188 5067 
80 114 2 3551 5067 
89 21 0 4095 5067 
102 15 3 4544 5067 
17 22 2 1979 5067 
32 102 2 591 5067 
100 82 2 4434 5067 
35 57 0 322 5067 
39 90 3 134 5067 
16 86 0 1965 5067 
53 70 2 1696 5067 
35 52 1 387 5067 
100 45 3 4490 5067 
71 19 0 3142 5067 
88 42 2 3969 5067 
52 117 2 1647 5067 
85 42 2 3816 5067 
62 70 2 2581 5067 
100 44 3 4491 5067 
8 83 1 2152 5067 
21 79 1 994 5067 
38 41 0 135 5067 
71 32 1 3029 5067 
21 22 2 1036 5067 
18 121 0 1081 5067 
84 38 0 3874 5067 
23 45 2 965 5067 
105 34 3 4609 5067 
50 62 0 1648 5067 
102 26 3 4545 5067 
89 104 3 4050 5067 
49 67 2 1460 5067 
21 80 1 995 5067 
114 49 3 4852 5067 
86 104 3 3889 5067 
49 18 3 1534 5067 
75 76 3 3328 5067 
11 86 1 2080 5067 
71 89 2 3004 5067 
56 91 2 1882 5067 
90 20 3 4095 5067 
108 78 3 4661 5067 
75 27 2 3298 5067 
41 23 0 1139 5067 
102 24 3 4546 5067 
21 81 1 996 5067 
54 42 1 1784 5067 
55 117 2 1785 5067 
52 114 2 1649 5067 
34 114 2 518 5067 
89 27 2 4025 5067 
51 10 0 1697 5067 
17 18 0 1118 5067 
56 108 1 2256 5067 
69 18 3 2949 5067 
26 41 3 791 5067 
73 67 1 3197 5067 
97 27 2 4307 5067 
87 43 1 3969 5067 
111 29 3 4783 5067 
119 67 3 4910 5067 
81 70 2 3591 5067 
86 101 3 3892 5067 
70 107 2 2950 5067 
8 86 1 2155 5067 
76 47 0 3476 5067 
16 24 1 1980 5067 
108 77 3 4662 5067 
22 86 0 948 5067 
111 28 3 4784 5067 
35 57 1 391 5067 
41 90 3 12 5067 
28 77 1 704 5067 
53 115 1 1724 5067 
38 40 2 245 5067 
86 99 3 3893 5067 
56 89 2 1884 5067 
32 77 1 557 5067 
27 23 1 746 5067 
44 38 0 1344 5067 
32 79 1 559 5067 
63 57 3 2657 5067 
65 38 0 2798 5067 
78 21 0 3554 5067 
73 38 0 3299 5067 
31 103 1 591 5067 
86 98 3 3894 5067 
33 79 2 560 5067 
46 118 1 1370 5067 
71 42 2 3006 5067 
89 101 3 4053 5067 
99 78 3 4437 5067 
66 27 2 2772 5067 
60 70 2 2448 5067 
29 4 0 643 5067 
97 43 1 4321 5067 
20 23 1 1036 5067 
67 15 3 2871 5067 
21 10 0 966 5067 
86 97 3 3895 5067 
6 77 1 2223 5067 
71 67 1 3030 5067 
63 54 3 2660 5067 
97 38 0 4414 5067 
59 62 0 2484 5067 
58 38 1 2389 5067 
76 76 2 3329 5067 
61 10 0 2620 5067 
75 74 3 3330 5067 
89 99 3 4054 5067 
5 19 1 5026 5067 
75 72 3 3331 5067 
68 62 0 2953 5067 
40 3 3 110 5067 
58 39 1 2390 5067 
108 75 3 4664 5067 
19 45 2 1119 5067 
26 40 3 792 5067 
34 70 2 520 5067 
31 57 0 562 5067 
94 45 3 4259 5067 
76 20 3 3407 5067 
79 76 2 3502 5067 
100 41 3 4494 5067 
69 82 2 2922 5067 
79 74 2 3504 5067 
63 51 3 2663 5067 
75 69 3 3334 5067 
75 76 2 3300 5067 
95 101 2 4261 5067 
48 41 0 1536 5067 
89 98 3 4055 5067 
44 63 1 1273 5067 
46 76 2 1345 5067 
73 47 0 3301 5067 
70 114 2 2954 5067 
114 45 3 4856 5067 
39 61 3 137 5067 
81 27 2 3593 5067 
51 38 0 1699 5067 
51 27 2 1623 5067 
64 51 2 2664 5067 
63 27 2 2621 5067 
21 84 1 999 5067 
114 44 3 4857 5067 
71 82 2 3008 5067 
86 95 3 3897 5067 
47 112 2 1372 5067 
101 42 2 4494 5067 
42 4 0 1252 5067 
71 41 0 3144 5067 
88 82 2 3971 5067 
111 24 3 4788 5067 
102 21 3 4548 5067 
68 80 0 2955 5067 
90 41 3 4096 5067 
89 97 3 4056 5067 
36 97 3 327 5067 
21 85 1 1000 5067 
31 6 2 644 5067 
41 42 1 13 5067 
57 38 0 2390 5067 
86 93 3 3899 5067 
30 7 0 594 5067 
94 33 0 4290 5067 
76 70 2 3334 5067 
114 41 3 4860 5067 
34 57 0 392 5067 
23 14 0 924 5067 
10 86 0 2081 5067 
54 89 2 1726 5067 
67 40 2 2800 5067 
36 41 0 246 5067 
102 19 3 4549 5067 
36 94 3 328 5067 
78 26 0 3556 5067 
39 92 3 139 5067 
37 43 1 247 5067 
32 70 2 595 5067 
70 89 2 2956 5067 
40 5 3 111 5067 
35 61 1 394 5067 
95 93 2 4263 5067 
89 26 0 4097 5067 
99 75 3 4440 5067 
53 76 2 1700 5067 
108 72 3 4667 5067 
17 10 0 1120 5067 
75 26 0 3409 5067 
97 63 2 4309 5067 
87 38 0 4028 5067 
105 31 3 4612 5067 
24 10 0 843 5067 
44 23 0 1346 5067 
49 40 3 1536 5067 
99 72 3 4443 5067 
30 6 2 672 5067 
7 86 0 2156 5067 
111 21 3 4790 5067 
62 76 2 2585 5067 
99 71 3 4444 5067 
60 47 0 2586 5067 
12 126 1 2056 5067 
97 27 1 4322 5067 
119 64 3 4913 5067 
42 88 0 1254 5067 
108 71 3 4668 5067 
89 110 2 4029 5067 
102 63 2 4533 5067 
71 70 2 3010 5067 
35 24 2 483 5067 
105 30 3 4613 5067 
56 63 1 2259 5067 
60 70 1 2490 5067 
84 114 2 3744 5067 
90 25 3 4097 5067 
95 89 2 4266 5067 
48 40 2 1435 5067 
89 95 3 4058 5067 
58 38 0 2451 5067 
63 76 2 2623 5067 
81 40 3 3612 5067 
36 90 3 331 5067 
53 11 3 1727 5067 
95 38 0 4310 5067 
65 41 0 2801 5067 
51 84 1 1653 5067 
30 18 0 596 5067 
51 76 2 1625 5067 
46 113 1 1372 5067 
21 86 1 1001 5067 
78 16 0 3558 5067 
21 14 0 968 5067 
63 38 0 2735 5067 
58 47 0 2453 5067 
51 23 0 1701 5067 
67 11 3 2873 5067 
81 76 2 3595 5067 
105 29 3 4614 5067 
27 40 2 793 5067 
69 20 3 2957 5067 
62 115 2 2587 5067 
73 23 0 3303 5067 
46 67 2 1347 5067 
34 22 2 522 5067 
34 62 0 396 5067 
56 82 2 1891 5067 
73 38 1 3205 5067 
84 69 3 3820 5067 
121 67 3 4982 5067 
88 70 2 3973 5067 
76 25 3 3409 5067 
85 92 0 3900 5067 
25 13 1 845 5067 
89 93 3 4060 5067 
58 42 1 2393 5067 
41 63 1 15 5067 
105 28 3 4615 5067 
86 90 3 3901 5067 
97 83 1 4323 5067 
71 52 1 3032 5067 
94 38 0 4292 5067 
56 38 0 2357 5067 
75 65 3 3338 5067 
57 41 0 2393 5067 
47 114 2 1374 5067 
61 70 2 2491 5067 
76 66 2 3338 5067 
86 89 3 3902 5067 
61 47 0 2624 5067 
48 62 0 1538 5067 
11 93 1 2087 5067 
71 62 0 3146 5067 
35 67 1 399 5067 
65 76 2 2736 5067 
87 92 0 4030 5067 
71 27 2 3012 5067 
56 115 1 2260 5067 
60 115 2 2454 5067 
31 24 2 646 5067 
38 22 3 216 5067 
26 38 3 794 5067 
35 88 0 334 5067 
46 88 0 1436 5067 
16 28 1 1984 5067 
75 40 2 3304 5067 
53 14 3 1729 5067 
44 18 0 1348 5067 
48 62 3 1464 5067 
75 62 3 3340 5067 
23 40 2 969 5067 
38 88 0 143 5067 
51 86 1 1655 5067 
87 89 2 3903 5067 
78 10 0 3560 5067 
40 2 3 113 5067 
75 16 0 3411 5067 
58 76 2 2358 5067 
37 47 1 251 5067 
56 79 2 1894 5067 
36 86 3 335 5067 
11 95 1 2089 5067 
76 92 0 3480 5067 
85 27 2 3822 5067 
35 69 1 401 5067 
39 86 3 144 5067 
81 61 3 3614 5067 
89 16 0 4099 5067 
8 95 1 2164 5067 
17 86 0 1122 5067 
88 27 2 3975 5067 
27 7 1 748 5067 
108 67 3 4672 5067 
54 27 1 1790 5067 
69 38 0 3013 5067 
49 61 3 1538 5067 
86 86 3 3905 5067 
79 70 2 3508 5067 
109 53 3 4736 5067 
6 86 1 2232 5067 
58 23 0 2455 5067 
84 110 2 3748 5067 
114 34 3 4867 5067 
37 51 1 255 5067 
35 86 0 336 5067 
51 22 2 1627 5067 
36 84 3 337 5067 
86 85 3 3906 5067 
65 115 2 2738 5067 
93 26 0 4269 5067 
35 70 1 402 5067 
121 65 3 4984 5067 
62 47 0 2668 5067 
100 66 2 4450 5067 
20 86 0 1002 5067 
29 14 0 647 5067 
46 115 1 1374 5067 
99 64 3 4451 5067 
47 62 0 1465 5067 
86 84 3 3907 5067 
88 92 0 4061 5067 
16 29 1 1985 5067 
90 15 3 4099 5067 
51 4 0 1703 5067 
30 4 0 598 5067 
66 47 1 2805 5067 
56 47 0 2359 5067 
12 128 1 2058 5067 
86 83 3 3908 5067 
34 69 0 402 5067 
21 88 1 1003 5067 
41 102 3 17 5067 
69 27 2 2928 5067 
95 82 2 4270 5067 
89 90 3 4062 5067 
51 88 1 1657 5067 
71 76 2 3014 5067 
72 38 0 3206 5067 
86 82 3 3909 5067 
76 15 3 3411 5067 
61 23 0 2626 5067 
34 6 2 524 5067 
63 41 3 2672 5067 
21 89 1 1004 5067 
45 12 0 1375 5067 
21 86 0 970 5067 
69 25 3 2959 5067 
11 101 1 2094 5067 
67 9 3 2875 5067 
121 64 3 4985 5067 
24 14 0 847 5067 
8 101 1 2169 5067 
90 69 3 4100 5067 
51 89 1 1658 5067 
61 76 2 2496 5067 
36 79 3 341 5067 
28 14 0 675 5067 
8 102 1 2170 5067 
64 42 2 2672 5067 
42 42 1 1155 5067 
65 47 0 2806 5067 
70 82 2 2960 5067 
58 115 2 2360 5067 
84 75 3 3824 5067 
108 64 3 4675 5067 
38 86 0 145 5067 
39 84 3 146 5067 
55 27 2 1791 5067 
87 82 2 3910 5067 
16 30 1 1986 5067 
41 41 0 1155 5067 
44 4 0 1350 5067 
75 59 3 3343 5067 
53 40 2 1704 5067 
5 86 0 2233 5067 
73 89 2 3149 5067 
114 31 3 4870 5067 
38 19 3 218 5067 
31 40 2 648 5067 
75 57 3 3344 5067 
69 47 0 3015 5067 
71 108 1 3034 5067 
6 95 1 2241 5067 
112 84 2 4796 5067 
60 80 1 2499 5067 
86 80 3 3911 5067 
42 43 1 1156 5067 
26 36 3 796 5067 
56 90 1 2262 5067 
35 108 2 487 5067 
5 87 1 5031 5067 
78 38 0 3562 5067 
42 44 1 1157 5067 
95 27 2 4272 5067 
109 49 3 4739 5067 
51 88 0 1705 5067 
11 105 1 2097 5067 
58 47 1 2398 5067 
83 101 3 3755 5067 
97 28 1 4325 5067 
75 10 0 3413 5067 
73 92 0 3307 5067 
37 57 1 260 5067 
58 4 0 2457 5067 
79 66 2 3512 5067 
90 67 3 4102 5067 
45 7 0 1377 5067 
36 76 3 343 5067 
83 99 3 3756 5067 
56 76 2 1897 5067 
108 62 3 4677 5067 
74 40 2 3208 5067 
56 74 2 1899 5067 
66 22 2 2778 5067 
39 79 3 150 5067 
71 42 1 3035 5067 
73 42 1 3209 5067 
50 88 0 1658 5067 
83 98 3 3757 5067 
51 40 2 1629 5067 
71 115 2 3016 5067 
79 101 2 3515 5067 
38 18 3 219 5067 
30 40 2 676 5067 
114 29 3 4872 5067 
72 41 0 3209 5067 
69 15 3 2961 5067 
90 89 2 4064 5067 
84 72 3 3826 5067 
93 33 0 4273 5067 
46 40 2 1351 5067 
114 28 3 4873 5067 
7 10 0 2172 5067 
26 35 3 797 5067 
30 1 0 600 5067 
5 10 0 2245 5067 
109 48 3 4740 5067 
81 79 3 3616 5067 
83 97 3 3758 5067 
11 108 1 2100 5067 
87 36 1 3978 5067 
47 70 2 1378 5067 
59 80 0 2500 5067 
49 107 3 1543 5067 
57 47 0 2399 5067 
90 64 3 4104 5067 
21 93 1 1008 5067 
109 63 2 4677 5067 
29 86 0 649 5067 
69 23 0 3017 5067 
36 74 3 345 5067 
34 24 2 526 5067 
26 34 3 798 5067 
85 80 0 3912 5067 
35 74 1 406 5067 
79 92 0 3600 5067 
76 9 3 3413 5067 
27 7 0 718 5067 
27 4 1 751 5067 
36 57 0 261 5067 
39 76 3 152 5067 
60 40 2 2458 5067 
37 59 1 262 5067 
53 122 2 1706 5067 
93 38 0 4274 5067 
44 71 1 1280 5067 
89 86 3 4066 5067 
86 78 3 3913 5067 
108 61 3 4678 5067 
25 128 2 929 5067 
42 47 1 1160 5067 
90 63 3 4105 5067 
83 95 3 3760 5067 
78 47 0 3564 5067 
86 77 3 3914 5067 
89 85 3 4067 5067 
49 103 3 1546 5067 
49 88 0 1630 5067 
53 8 3 1734 5067 
11 111 1 2103 5067 
60 92 0 2592 5067 
83 93 3 3762 5067 
66 47 0 2879 5067 
44 88 0 1352 5067 
64 40 2 2674 5067 
57 19 0 2404 5067 
86 75 3 3916 5067 
63 38 3 2675 5067 
39 74 3 154 5067 
102 9 3 4557 5067 
11 112 1 2104 5067 
61 82 2 2502 5067 
59 107 2 2405 5067 
89 84 3 4068 5067 
20 57 0 1011 5067 
20 22 1 1043 5067 
71 40 2 3018 5067 
71 63 1 3037 5067 
90 62 3 4106 5067 
44 39 1 1281 5067 
36 69 3 349 5067 
84 70 3 3828 5067 
71 21 0 3150 5067 
26 32 3 799 5067 
56 70 2 1903 5067 
67 47 0 2931 5067 
73 42 2 3151 5067 
59 117 2 2406 5067 
65 40 2 2742 5067 
86 72 3 3918 5067 
37 70 2 349 5067 
80 115 2 3565 5067 
31 122 2 650 5067 
12 112 2 2105 5067 
89 83 3 4069 5067 
50 114 2 1548 5067 
35 122 2 489 5067 
87 38 1 3980 5067 
73 44 1 3211 5067 
69 28 3 2963 5067 
42 51 1 1164 5067 
61 92 0 2630 5067 
106 63 2 4622 5067 
101 93 2 4508 5067 
79 107 2 3521 5067 
39 86 0 119 5067 
35 69 0 350 5067 
42 52 1 1165 5067 
71 26 0 3152 5067 
89 82 3 4070 5067 
64 92 0 2781 5067 
91 63 2 4106 5067 
24 18 0 851 5067 
73 47 1 3213 5067 
59 114 2 2408 5067 
30 14 0 602 5067 
37 112 2 351 5067 
75 51 3 3350 5067 
69 27 3 2964 5067 
39 69 3 158 5067 
86 69 3 3921 5067 
52 16 2 1661 5067 
47 76 2 1380 5067 
44 41 1 1283 5067 
62 119 2 2593 5067 
69 115 2 2932 5067 
60 88 0 2594 5067 
35 103 0 352 5067 
76 51 2 3351 5067 
20 24 1 1044 5067 
51 122 2 1631 5067 
36 62 0 265 5067 
75 38 0 3415 5067 
87 39 1 3981 5067 
60 88 1 2507 5067 
57 80 0 2409 5067 
60 89 1 2508 5067 
30 122 2 678 5067 
56 92 0 2365 5067 
37 65 1 267 5067 
26 31 3 800 5067 
54 70 2 1737 5067 
78 23 0 3566 5067 
69 92 0 3019 5067 
41 25 1 24 5067 
79 117 2 3523 5067 
98 24 0 4459 5067 
34 40 2 528 5067 
37 114 2 353 5067 
90 61 3 4107 5067 
40 70 2 158 5067 
83 90 3 3764 5067 
92 106 3 4197 5067 
63 92 0 2743 5067 
87 70 2 3921 5067 
71 16 0 3154 5067 
98 19 0 4461 5067 
54 34 1 1797 5067 
90 82 2 4071 5067 
84 67 3 3830 5067 
83 89 3 3765 5067 
54 27 2 1738 5067 
72 47 0 3214 5067 
109 45 3 4743 5067 
60 119 2 2460 5067 
16 34 1 1990 5067 
86 67 3 3923 5067 
38 14 3 222 5067 
86 38 0 3981 5067 
45 23 0 1381 5067 
56 83 1 2266 5067 
98 21 0 4462 5067 
67 23 0 2933 5067 
89 80 3 4072 5067 
101 89 2 4511 5067 
70 27 2 2965 5067 
48 7 0 1551 5067 
42 61 1 1172 5067 
54 35 1 1798 5067 
64 91 2 2679 5067 
53 128 2 1708 5067 
102 6 3 4560 5067 
45 40 2 1283 5067 
119 49 3 4928 5067 
20 25 1 1045 5067 
76 37 3 3415 5067 
79 114 2 3525 5067 
84 89 2 3766 5067 
27 10 1 754 5067 
55 12 0 2267 5067 
86 64 3 3925 5067 
59 88 0 2508 5067 
80 110 2 3567 5067 
71 10 0 3156 5067 
109 44 3 4744 5067 
58 119 2 2366 5067 
27 4 0 721 5067 
33 40 2 573 5067 
54 38 1 1800 5067 
71 119 2 3020 5067 
119 48 3 4929 5067 
32 88 0 529 5067 
65 119 2 2744 5067 
98 26 0 4464 5067 
83 86 3 3768 5067 
47 67 2 1382 5067 
57 21 0 2411 5067 
44 43 1 1284 5067 
37 69 1 270 5067 
41 62 0 1174 5067 
54 39 1 1801 5067 
58 88 0 2461 5067 
39 67 3 160 5067 
69 40 2 2934 5067 
31 128 2 652 5067 
81 25 3 3620 5067 
37 70 1 271 5067 
61 88 0 2632 5067 
26 29 3 802 5067 
84 64 3 3832 5067 
86 62 3 3927 5067 
35 128 2 491 5067 
98 16 0 4465 5067 
31 89 1 604 5067 
59 82 2 2412 5067 
64 88 0 2783 5067 
39 66 3 161 5067 
20 26 1 1046 5067 
56 88 0 2367 5067 
87 41 1 3983 5067 
75 47 0 3417 5067 
27 11 1 755 5067 
42 67 1 1177 5067 
51 109 0 1709 5067 
39 65 3 162 5067 
67 17 3 2884 5067 
48 10 0 1553 5067 
75 47 3 3354 5067 
44 44 1 1285 5067 
65 62 0 2820 5067 
53 38 0 1801 5067 
87 42 1 3984 5067 
39 63 3 163 5067 
56 71 1 2268 5067 
45 18 0 1383 5067 
57 12 0 2413 5067 
71 90 1 3040 5067 
51 128 2 1633 5067 
69 88 0 3021 5067 
31 88 0 574 5067 
16 37 1 1992 5067 
35 86 1 415 5067 
71 38 0 3158 5067 
83 83 3 3771 5067 
84 63 3 3833 5067 
63 88 0 2745 5067 
30 128 2 680 5067 
97 13 1 4334 5067 
39 62 3 164 5067 
109 42 3 4746 5067 
92 104 3 4199 5067 
32 86 0 530 5067 
73 76 2 3159 5067 
41 28 1 27 5067 
33 108 2 575 5067 
119 45 3 4932 5067 
39 40 2 224 5067 
38 70 2 272 5067 
37 88 0 225 5067 
55 10 0 2269 5067 
59 70 2 2414 5067 
26 22 2 855 5067 
44 45 1 1286 5067 
108 53 3 4686 5067 
87 44 1 3985 5067 
60 128 2 2462 5067 
65 24 0 2824 5067 
60 91 1 2510 5067 
31 90 1 605 5067 
101 82 2 4514 5067 
27 1 0 723 5067 
97 14 1 4335 5067 
65 19 0 2825 5067 
119 44 3 4933 5067 
109 41 3 4747 5067 
84 62 3 3834 5067 
58 128 2 2368 5067 
71 47 0 3160 5067 
57 27 2 2270 5067 
84 82 2 3773 5067 
16 38 1 1993 5067 
48 47 3 1478 5067 
75 45 3 3356 5067 
57 10 0 2415 5067 
75 23 0 3419 5067 
83 80 3 3774 5067 
86 57 3 3931 5067 
92 103 3 4200 5067 
55 38 0 2271 5067 
108 49 3 4689 5067 
52 27 2 1665 5067 
75 42 3 3358 5067 
54 43 1 1804 5067 
98 33 0 4468 5067 
20 28 1 1048 5067 
31 86 0 576 5067 
109 40 3 4748 5067 
75 41 3 3359 5067 
39 108 2 226 5067 
84 61 3 3835 5067 
37 86 0 227 5067 
60 92 1 2511 5067 
56 109 0 2369 5067 
69 119 2 2936 5067 
27 13 1 757 5067 
49 26 3 1554 5067 
34 86 0 416 5067 
39 59 3 166 5067 
108 48 3 4690 5067 
59 76 2 2416 5067 
97 16 1 4337 5067 
76 42 2 3359 5067 
35 88 1 417 5067 
44 47 1 1288 5067 
39 57 3 167 5067 
101 33 0 4565 5067 
26 26 3 805 5067 
35 89 1 418 5067 
45 4 0 1385 5067 
98 38 0 4469 5067 
76 22 3 3419 5067 
50 38 0 1666 5067 
109 39 3 4749 5067 
38 57 0 168 5067 
54 45 1 1806 5067 
48 38 0 1555 5067 
64 89 2 2686 5067 
84 59 3 3837 5067 
97 19 1 4339 5067 
59 115 2 2417 5067 
86 53 3 3935 5067 
20 29 1 1049 5067 
87 49 1 3989 5067 
27 14 1 758 5067 
75 40 3 3360 5067 
27 14 0 725 5067 
56 77 1 2272 5067 
16 40 1 1995 5067 
83 78 3 3776 5067 
97 21 1 4340 5067 
38 103 0 170 5067 
52 76 2 1667 5067 
65 21 0 2831 5067 
71 43 1 3042 5067 
99 4 0 4517 5067 
71 23 0 3162 5067 
90 53 3 4114 5067 
31 92 1 607 5067 
83 77 3 3777 5067 
41 31 1 30 5067 
54 47 1 1808 5067 
90 27 2 4080 5067 
49 37 3 1555 5067 
47 40 2 1386 5067 
84 57 3 3838 5067 
34 88 0 418 5067 
57 23 0 2418 5067 
65 26 0 2832 5067 
44 49 1 1290 5067 
86 49 3 3938 5067 
81 69 3 3623 5067 
108 45 3 4693 5067 
53 93 1 1745 5067 
59 92 0 2512 5067 
92 99 3 4203 5067 
101 84 2 4518 5067 
50 23 0 1668 5067 
48 41 3 1484 5067 
108 44 3 4694 5067 
20 30 1 1050 5067 
88 33 0 4081 5067 
29 40 2 726 5067 
90 51 3 4116 5067 
69 12 3 2974 5067 
71 27 1 3043 5067 
71 6 0 3164 5067 
76 40 2 3361 5067 
39 14 1 173 5067 
48 40 3 1485 5067 
31 93 1 608 5067 
77 38 0 3532 5067 
90 63 2 4082 5067 
97 24 1 4342 5067 
47 41 0 1485 5067 
5 95 1 5039 5067 
90 49 3 4117 5067 
56 49 1 2274 5067 
108 42 3 4696 5067 
35 91 1 420 5067 
87 53 1 3992 5067 
84 76 2 3779 5067 
83 74 3 3780 5067 
53 94 1 1746 5067 
121 49 3 5000 5067 
52 22 2 1669 5067 
26 14 0 759 5067 
92 98 3 4204 5067 
35 92 1 421 5067 
97 26 1 4343 5067 
75 38 3 3362 5067 
65 16 0 2834 5067 
41 33 1 32 5067 
44 51 1 1292 5067 
108 41 3 4697 5067 
83 72 3 3781 5067 
90 48 3 4118 5067 
25 29 1 861 5067 
88 38 0 4083 5067 
27 86 0 727 5067 
16 42 1 1997 5067 
77 47 0 3533 5067 
76 36 3 3422 5067 
41 34 1 33 5067 
49 40 2 1486 5067 
67 30 2 2835 5067 
37 86 1 284 5067 
57 4 0 2420 5067 
121 48 3 5001 5067 
70 70 2 2976 5067 
81 26 3 3625 5067 
72 62 0 3228 5067 
119 35 3 4942 5067 
44 52 1 1293 5067 
40 16 2 176 5067 
83 69 3 3784 5067 
25 30 1 862 5067 
71 83 1 3044 5067 
47 122 2 1388 5067 
63 27 1 2688 5067 
53 95 1 1747 5067 
54 52 1 1813 5067 
48 38 3 1487 5067 
36 86 0 285 5067 
92 97 3 4205 5067 
79 115 2 3534 5067 
20 32 1 1052 5067 
37 88 1 286 5067 
37 89 1 287 5067 
84 54 3 3841 5067 
119 34 3 4943 5067 
16 43 1 1998 5067 
25 31 1 863 5067 
84 70 2 3784 5067 
87 55 1 3994 5067 
64 82 2 2689 5067 
49 22 3 1557 5067 
67 6 3 2892 5067 
31 99 1 611 5067 
67 70 2 2837 5067 
86 41 3 3945 5067 
57 92 0 2421 5067 
37 108 2 363 5067 
83 67 3 3786 5067 
26 22 3 809 5067 
52 40 2 1671 5067 
84 53 3 3842 5067 
87 42 2 3945 5067 
47 38 0 1488 5067 
77 23 0 3535 5067 
56 52 1 2277 5067 
81 37 3 3626 5067 
85 41 0 3946 5067 
53 96 1 1748 5067 
83 64 3 3788 5067 
16 44 1 1999 5067 
42 86 1 1193 5067 
46 123 1 1388 5067 
92 96 3 4206 5067 
49 66 3 1558 5067 
87 114 2 3947 5067 
121 45 3 5004 5067 
38 18 0 178 5067 
67 27 2 2839 5067 
97 32 1 4346 5067 
31 100 1 612 5067 
76 34 3 3424 5067 
55 42 1 1921 5067 
84 51 3 3844 5067 
70 76 2 2979 5067 
85 21 0 3948 5067 
42 88 1 1195 5067 
59 119 2 2422 5067 
71 92 0 3166 5067 
49 65 3 1559 5067 
37 122 2 364 5067 
36 94 2 424 5067 
42 89 1 1196 5067 
79 110 2 3536 5067 
83 62 3 3790 5067 
121 44 3 5005 5067 
16 45 1 2000 5067 
47 36 0 1490 5067 
52 122 2 1672 5067 
67 4 3 2894 5067 
67 76 2 2840 5067 
44 55 1 1296 5067 
38 91 2 290 5067 
35 99 1 426 5067 
5 98 1 5042 5067 
40 22 2 179 5067 
92 95 3 4207 5067 
84 49 3 3845 5067 
54 61 1 1820 5067 
27 22 2 810 5067 
25 37 1 868 5067 
49 63 3 1560 5067 
76 33 3 3425 5067 
119 31 3 4946 5067 
49 62 3 1561 5067 
41 41 1 38 5067 
57 88 0 2423 5067 
90 40 3 4124 5067 
85 16 0 3950 5067 
17 45 2 2001 5067 
108 36 3 4702 5067 
81 75 3 3627 5067 
35 121 0 365 5067 
41 88 0 1196 5067 
59 36 0 2521 5067 
71 71 1 3046 5067 
84 48 3 3846 5067 
87 61 1 3999 5067 
20 37 1 1056 5067 
59 24 0 2522 5067 
59 19 0 2523 5067 
85 10 0 3951 5067 
70 115 2 2981 5067 
53 100 1 1751 5067 
54 67 1 1824 5067 
119 29 3 4948 5067 
49 60 3 1562 5067 
73 76 1 3238 5067 
76 32 3 3426 5067 
65 23 0 2842 5067 
15 10 0 2002 5067 
41 43 1 39 5067 
49 97 2 1493 5067 
119 28 3 4949 5067 
96 33 0 4348 5067 
87 27 2 3952 5067 
35 103 1 430 5067 
49 91 2 1494 5067 
68 40 2 2896 5067 
59 128 2 2424 5067 
26 19 3 812 5067 
82 26 0 3794 5067 
20 38 1 1057 5067 
36 102 2 430 5067 
31 104 1 615 5067 
44 59 1 1299 5067 
59 41 0 2525 5067 
49 59 3 1563 5067 
70 40 2 2982 5067 
35 104 1 431 5067 
42 95 1 1201 5067 
52 128 2 1674 5067 
81 46 3 3628 5067 
67 22 2 2843 5067 
108 34 3 4704 5067 
90 38 3 4126 5067 
74 76 2 3239 5067 
87 63 1 4001 5067 
76 31 3 3427 5067 
54 23 0 1924 5067 
76 93 2 3372 5067 
41 44 1 40 5067 
5 100 1 5044 5067 
82 16 0 3795 5067 
34 103 0 431 5067 
47 128 2 1390 5067 
56 56 1 2281 5067 
35 105 1 432 5067 
15 86 0 2003 5067 
27 22 1 765 5067 
44 61 1 1300 5067 
72 112 3 3170 5067 
42 99 1 1204 5067 
54 70 1 1827 5067 
49 107 2 1496 5067 
82 10 0 3796 5067 
44 62 1 1301 5067 
88 63 2 4002 5067 
49 57 3 1564 5067 
38 114 2 295 5067 
72 80 0 3243 5067 
41 45 1 41 5067 
68 92 0 2983 5067 
38 1 0 182 5067 
31 105 1 616 5067 
76 30 3 3428 5067 
42 102 1 1207 5067 
62 23 0 2695 5067 
85 110 2 3849 5067 
87 110 2 3954 5067 
42 103 1 1208 5067 
53 102 1 1753 5067 
42 104 1 1209 5067 
47 103 0 1499 5067 
46 129 1 1390 5067 
49 56 3 1565 5067 
26 40 2 872 5067 
41 103 0 1209 5067 
68 119 2 2898 5067 
20 40 1 1059 5067 
42 105 1 1210 5067 
35 108 1 435 5067 
55 27 1 1927 5067 
89 38 0 4127 5067 
71 28 1 3048 5067 
42 106 1 1211 5067 
40 40 2 183 5067 
44 65 1 1303 5067 
82 38 0 3798 5067 
25 42 1 873 5067 
54 26 0 1927 5067 
31 106 1 617 5067 
108 31 3 4707 5067 
53 103 1 1754 5067 
5 102 1 5046 5067 
56 59 1 2284 5067 
41 47 1 43 5067 
25 43 1 874 5067 
26 15 3 815 5067 
44 67 1 1304 5067 
119 23 3 4954 5067 
82 47 0 3799 5067 
21 40 2 1060 5067 
46 110 1 1391 5067 
121 35 3 5014 5067 
97 38 1 4352 5067 
25 44 1 875 5067 
119 22 3 4955 5067 
68 88 0 2985 5067 
56 61 1 2285 5067 
59 21 0 2528 5067 
36 108 2 436 5067 
41 12 0 1217 5067 
28 40 2 768 5067 
56 62 1 2286 5067 
38 22 2 298 5067 
53 104 1 1755 5067 
90 34 3 4130 5067 
121 34 3 5015 5067 
25 45 1 876 5067 
119 21 3 4956 5067 
61 42 2 2529 5067 
97 39 1 4353 5067 
5 103 1 5047 5067 
26 14 3 816 5067 
71 39 1 3049 5067 
54 74 1 1831 5067 
108 29 3 4709 5067 
19 86 0 1061 5067 
59 26 0 2530 5067 
90 33 3 4131 5067 
46 111 1 1392 5067 
41 49 1 45 5067 
63 29 1 2698 5067 
108 28 3 4710 5067 
41 7 0 1219 5067 
96 38 0 4353 5067 
82 110 2 3633 5067 
48 17 1 1502 5067 
31 108 1 619 5067 
26 86 0 769 5067 
53 105 1 1756 5067 
35 112 1 439 5067 
56 65 1 2288 5067 
41 18 0 1220 5067 
73 89 1 3251 5067 
119 18 3 4959 5067 
56 67 1 2289 5067 
71 77 1 3050 5067 
62 12 0 2701 5067 
61 27 2 2533 5067 
32 108 2 620 5067 
44 69 1 1306 5067 
53 106 1 1757 5067 
25 47 1 878 5067 
41 51 1 47 5067 
89 33 0 4132 5067 
46 116 1 1395 5067 
41 4 0 1221 5067 
5 105 1 5049 5067 
62 10 0 2702 5067 
97 42 1 4356 5067 
36 112 2 440 5067 
59 38 0 2534 5067 
54 79 1 1835 5067 
72 104 3 3176 5067 
26 12 3 818 5067 
49 49 3 1571 5067 
90 31 3 4133 5067 
41 52 1 48 5067 
97 44 1 4357 5067 
30 86 0 621 5067 
56 69 1 2291 5067 
90 30 3 4134 5067 
53 109 1 1759 5067 
38 24 2 302 5067 
48 14 1 1506 5067 
49 48 3 1572 5067 
81 104 3 3637 5067 
60 114 3 2535 5067 
44 72 1 1308 5067 
72 103 3 3177 5067 
120 84 2 4963 5067 
56 70 1 2292 5067 
90 27 3 4136 5067 
62 4 0 2704 5067 
36 114 2 442 5067 
108 21 3 4716 5067 
44 73 1 1309 5067 
59 23 0 2536 5067 
53 110 1 1760 5067 
36 14 0 303 5067 
35 117 1 444 5067 
49 47 3 1573 5067 
76 11 3 3439 5067 
25 51 1 882 5067 
72 92 0 3254 5067 
56 72 1 2293 5067 
36 117 2 445 5067 
72 102 3 3178 5067 
25 52 1 883 5067 
46 120 1 1398 5067 
91 27 2 4137 5067 
72 24 0 3256 5067 
62 92 0 2705 5067 
72 19 0 3257 5067 
48 19 1 1510 5067 
56 73 1 2294 5067 
56 74 1 2295 5067 
81 102 3 3639 5067 
53 23 0 1840 5067 
49 46 3 1574 5067 
61 22 2 2537 5067 
74 107 2 3258 5067 
41 55 1 51 5067 
38 108 2 304 5067 
74 117 2 3259 5067 
81 101 3 3640 5067 
52 109 0 1760 5067 
56 76 1 2296 5067 
74 114 2 3260 5067 
5 108 1 5052 5067 
47 18 0 1510 5067 
49 45 3 1575 5067 
72 21 0 3261 5067 
81 99 3 3641 5067 
55 38 1 1937 5067 
72 26 0 3262 5067 
38 122 2 305 5067 
53 111 1 1761 5067 
55 39 1 1938 5067 
43 23 0 1313 5067 
25 55 1 886 5067 
56 79 1 2298 5067 
49 44 3 1576 5067 
81 98 3 3642 5067 
54 38 0 1938 5067 
5 109 1 5053 5067 
62 88 0 2707 5067 
61 40 2 2539 5067 
56 82 1 2299 5067 
36 22 2 448 5067 
43 18 0 1314 5067 
41 59 1 54 5067 
71 41 1 3054 5067 
81 97 3 3643 5067 
97 51 1 4364 5067 
53 112 1 1762 5067 
56 84 1 2300 5067 
72 95 3 3183 5067 
74 27 2 3265 5067 
90 14 3 4144 5067 
25 59 1 889 5067 
81 96 3 3644 5067 
41 61 1 55 5067 
49 22 2 1513 5067 
56 85 1 2301 5067 
71 7 1 3055 5067 
41 62 1 56 5067 
74 115 2 3266 5067 
25 60 1 890 5067 
53 114 1 1764 5067 
81 95 3 3645 5067 
38 128 2 307 5067 
72 94 3 3184 5067 
75 6 0 3444 5067 
56 86 1 2302 5067 
25 61 1 891 5067 
5 111 1 5055 5067 
72 23 0 3267 5067 
43 4 0 1316 5067 
41 65 1 58 5067 
47 23 0 1514 5067 
54 12 0 1942 5067 
25 64 1 893 5067 
53 116 1 1765 5067 
56 87 1 2303 5067 
50 40 2 1580 5067 
72 93 3 3185 5067 
48 25 1 1515 5067 
54 10 0 1943 5067 
41 67 1 59 5067 
5 112 1 5056 5067 
60 127 3 2541 5067 
42 67 2 60 5067 
89 10 0 4149 5067 
56 88 1 2304 5067 
36 24 2 452 5067 
53 117 1 1766 5067 
56 89 1 2305 5067 
56 91 1 2306 5067 
71 10 1 3058 5067 
72 92 3 3186 5067 
75 92 0 3446 5067 
54 4 0 1944 5067 
53 109 0 1847 5067 
40 18 0 61 5067 
74 110 2 3269 5067 
5 113 1 5057 5067 
34 14 0 453 5067 
49 34 3 1583 5067 
45 122 2 1318 5067 
56 128 2 1945 5067 
49 33 3 1584 5067 
56 94 1 2308 5067 
24 4 0 899 5067 
36 40 2 454 5067 
47 4 0 1519 5067 
81 90 3 3649 5067 
54 119 2 1768 5067 
56 95 1 2309 5067 
49 32 3 1585 5067 
81 89 3 3650 5067 
97 61 1 4372 5067 
47 88 0 1520 5067 
56 96 1 2310 5067 
56 97 1 2311 5067 
49 31 3 1586 5067 
52 88 0 1769 5067 
45 128 2 1320 5067 
41 87 3 64 5067 
97 63 1 4374 5067 
34 121 0 456 5067 
49 30 3 1587 5067 
81 86 3 3652 5067 
71 16 1 3063 5067 
49 29 3 1588 5067 
26 122 2 902 5067 
71 18 1 3064 5067 
49 28 3 1589 5067 
81 84 3 3654 5067 
71 19 1 3065 5067 
56 102 1 2315 5067 
97 65 1 4376 5067 
81 83 3 3655 5067 
54 128 2 1772 5067 
81 82 3 3656 5067 
56 103 1 2316 5067 
49 25 3 1591 5067 
71 21 1 3066 5067 
81 80 3 3657 5067 
26 128 2 904 5067 
56 104 1 2317 5067 
5 119 1 5063 5067 
71 23 1 3067 5067 
81 78 3 3658 5067 
60 120 3 2548 5067 
71 26 1 3068 5067 
56 105 1 2318 5067 
41 103 3 69 5067 
81 77 3 3659 5067 
60 119 3 2549 5067 
56 106 1 2319 5067 
71 29 1 3069 5067 
56 107 1 2320 5067 
60 117 3 2550 5067 
81 76 3 3660 5067 
41 101 3 70 5067 
60 115 3 2551 5067 
56 109 1 2321 5067 
5 121 1 5065 5067 
81 72 3 3662 5067 
50 22 2 1594 5067 
71 31 1 3071 5067 
60 112 3 2552 5067 
81 70 3 3664 5067 
71 33 1 3072 5067 
60 111 3 2553 5067 
81 68 3 3665 5067 
56 112 1 2324 5067 
41 98 3 73 5067 
48 4 0 1598 5067 
97 77 1 4387 5067 
81 67 3 3666 5067 
56 114 1 2326 5067 
97 78 1 4388 5067 
71 35 1 3074 5067 
48 88 0 1599 5067 
81 64 3 3668 5067 
71 36 1 3075 5067 
50 122 2 1600 5067 
81 63 3 3669 5067 
97 81 1 4391 5067 
97 82 1 4392 5067 
57 22 2 2329 5067 
71 37 1 3076 5067 
81 60 3 3671 5067 
41 92 3 77 5067 
41 91 3 78 5067 
71 38 1 3077 5067 
81 57 3 3673 5067 
50 128 2 1602 5067 
71 40 1 3078 5067 
57 40 2 2331 5067 
41 88 3 80 5067 
71 45 1 3080 5067 
81 54 3 3676 5067 
41 86 3 81 5067 
71 47 1 3081 5067 
57 128 2 2333 5067 
81 53 3 3677 5067 
71 49 1 3082 5067 
81 51 3 3679 5067 
71 51 1 3084 5067 
42 122 2 83 5067 
81 49 3 3680 5067 
71 53 1 3085 5067 
81 48 3 3681 5067 
71 54 1 3086 5067 
42 128 2 85 5067 
71 55 1 3087 5067 
81 42 3 3685 5067 
81 39 3 3686 5067 
81 36 3 3688 5067 
71 59 1 3091 5067 
81 34 3 3690 5067 
81 33 3 3691 5067 
71 61 1 3092 5067 
71 62 1 3093 5067 
81 32 3 3692 5067 
81 31 3 3693 5067 
81 30 3 3694 5067 
81 29 3 3695 5067 
81 27 3 3696 5067 
81 24 3 3697 5067 
71 70 1 3098 5067 
71 72 1 3099 5067 
71 73 1 3100 5067 
71 74 1 3101 5067 
71 76 1 3102 5067 
71 82 1 3106 5067 
71 84 1 3107 5067 
71 85 1 3108 5067 
71 86 1 3109 5067 
71 87 1 3110 5067 
71 89 1 3112 5067 
70 88 0 3112 5067 
71 91 1 3113 5067 
70 92 0 3114 5067 
71 94 1 3115 5067 
71 101 1 3121 5067 
71 103 1 3122 5067 
71 104 1 3123 5067 
71 106 1 3125 5067 
71 107 1 3126 5067 
71 110 1 3128 5067 
